<?xml version="1.0" encoding="UTF-8"?>
<!-- Generated by org.testng.reporters.JUnitXMLReporter -->
<testsuite ignored="0" hostname="LAPTOP-84D7O3F5" failures="0" tests="36" name="Default test" time="13.024" errors="0" timestamp="2022-08-18T15:39:28 IST">
  <testcase classname="SpotifyRestAssured.SpotifyRestAssured.RestAssured_Api_Automation" name="Albums_Get_Album" time="1.561"/>
  <testcase classname="SpotifyRestAssured.SpotifyRestAssured.RestAssured_Api_Automation" name="Albums_Get_Album_Tracks" time="0.276"/>
  <testcase classname="SpotifyRestAssured.SpotifyRestAssured.RestAssured_Api_Automation" name="Albums_Get_Several_Albums" time="0.365"/>
  <testcase classname="SpotifyRestAssured.SpotifyRestAssured.RestAssured_Api_Automation" name="Artists_Get_Artist" time="0.26"/>
  <testcase classname="SpotifyRestAssured.SpotifyRestAssured.RestAssured_Api_Automation" name="Artists_Get_Artists_Albums" time="0.283"/>
  <testcase classname="SpotifyRestAssured.SpotifyRestAssured.RestAssured_Api_Automation" name="Artists_Get_Artists_Related_Artists" time="0.215"/>
  <testcase classname="SpotifyRestAssured.SpotifyRestAssured.RestAssured_Api_Automation" name="Artists_Get_Several_Artists" time="0.248"/>
  <testcase classname="SpotifyRestAssured.SpotifyRestAssured.RestAssured_Api_Automation" name="Browse_Get_Available_Genre_Seeds" time="0.291"/>
  <testcase classname="SpotifyRestAssured.SpotifyRestAssured.RestAssured_Api_Automation" name="Browse_Get_Featured_Playlists" time="0.306"/>
  <testcase classname="SpotifyRestAssured.SpotifyRestAssured.RestAssured_Api_Automation" name="Browse_Get_New_Releases" time="0.422"/>
  <testcase classname="SpotifyRestAssured.SpotifyRestAssured.RestAssured_Api_Automation" name="Browse_Get_Recommendations" time="0.606"/>
  <testcase classname="SpotifyRestAssured.SpotifyRestAssured.RestAssured_Api_Automation" name="Browse_Get_Several_Browse_Categories" time="0.224"/>
  <testcase classname="SpotifyRestAssured.SpotifyRestAssured.RestAssured_Api_Automation" name="Episode_Get_Episode" time="0.253"/>
  <testcase classname="SpotifyRestAssured.SpotifyRestAssured.RestAssured_Api_Automation" name="Episodes_Get_Several_Episode" time="0.212"/>
  <testcase classname="SpotifyRestAssured.SpotifyRestAssured.RestAssured_Api_Automation" name="Get_Current_UserProfile" time="0.623"/>
  <testcase classname="SpotifyRestAssured.SpotifyRestAssured.RestAssured_Api_Automation" name="Get_UserProfile" time="0.215"/>
  <testcase classname="SpotifyRestAssured.SpotifyRestAssured.RestAssured_Api_Automation" name="Markets_Get_Available_Markets" time="0.195"/>
  <testcase classname="SpotifyRestAssured.SpotifyRestAssured.RestAssured_Api_Automation" name="Personalization_Get_Users_Top_Items" time="0.198"/>
  <testcase classname="SpotifyRestAssured.SpotifyRestAssured.RestAssured_Api_Automation" name="Playlist_Creation" time="0.455"/>
  <testcase classname="SpotifyRestAssured.SpotifyRestAssured.RestAssured_Api_Automation" name="Playlist_Get_Cover_Image" time="0.317"/>
  <testcase classname="SpotifyRestAssured.SpotifyRestAssured.RestAssured_Api_Automation" name="Playlist_Get_CurrentUser_Playlist" time="0.523"/>
  <testcase classname="SpotifyRestAssured.SpotifyRestAssured.RestAssured_Api_Automation" name="Playlist_Get_Playlist" time="0.263"/>
  <testcase classname="SpotifyRestAssured.SpotifyRestAssured.RestAssured_Api_Automation" name="Playlist_Get_Playlist_Item" time="0.291"/>
  <testcase classname="SpotifyRestAssured.SpotifyRestAssured.RestAssured_Api_Automation" name="Playlist_Get_User_Playlist" time="0.288"/>
  <testcase classname="SpotifyRestAssured.SpotifyRestAssured.RestAssured_Api_Automation" name="Playlist_NewAdd_Item" time="0.313"/>
  <testcase classname="SpotifyRestAssured.SpotifyRestAssured.RestAssured_Api_Automation" name="Playlist_U_Relete_Item" time="0.292"/>
  <testcase classname="SpotifyRestAssured.SpotifyRestAssured.RestAssured_Api_Automation" name="Playlist_Update_Item" time="0.305"/>
  <testcase classname="SpotifyRestAssured.SpotifyRestAssured.RestAssured_Api_Automation" name="Search_Method" time="0.279"/>
  <testcase classname="SpotifyRestAssured.SpotifyRestAssured.RestAssured_Api_Automation" name="Shows_Get_Several_Shows" time="0.201"/>
  <testcase classname="SpotifyRestAssured.SpotifyRestAssured.RestAssured_Api_Automation" name="Shows_Get_Show" time="0.463"/>
  <testcase classname="SpotifyRestAssured.SpotifyRestAssured.RestAssured_Api_Automation" name="Shows_Get_Show_Episodes" time="0.353"/>
  <testcase classname="SpotifyRestAssured.SpotifyRestAssured.RestAssured_Api_Automation" name="Tracks_Get_Several_Tracks" time="0.24"/>
  <testcase classname="SpotifyRestAssured.SpotifyRestAssured.RestAssured_Api_Automation" name="Tracks_Get_Track" time="0.232"/>
  <testcase classname="SpotifyRestAssured.SpotifyRestAssured.RestAssured_Api_Automation" name="Tracks_Get_Tracks_Audio_Analysis" time="0.889"/>
  <testcase classname="SpotifyRestAssured.SpotifyRestAssured.RestAssured_Api_Automation" name="Tracks_Get_Tracks_Audio_Features" time="0.249"/>
  <testcase classname="SpotifyRestAssured.SpotifyRestAssured.RestAssured_Api_Automation" name="Tracks_Get_Trackss_Audio_Features" time="0.205"/>
</testsuite> <!-- Default test -->
